<?xml version="1.0" encoding="UTF-8"?>
<testsuite name="SolutionTest" tests="1" skipped="0" failures="0" errors="0" timestamp="2023-02-28T23:32:27" hostname="jangjun-yeong-ui-MacBookAir.local" time="0.008">
  <properties/>
  <testcase name="result()" classname="SolutionTest" time="0.008"/>
  <system-out><![CDATA[]]></system-out>
  <system-err><![CDATA[]]></system-err>
</testsuite>
