<?xml version="1.0" encoding="UTF-8"?>
<testsuite name="FindNumTest" tests="1" skipped="0" failures="0" errors="0" timestamp="2023-03-06T00:52:34" hostname="jangjun-yeong-ui-MacBookAir.local" time="0.007">
  <properties/>
  <testcase name="test()" classname="FindNumTest" time="0.007"/>
  <system-out><![CDATA[]]></system-out>
  <system-err><![CDATA[]]></system-err>
</testsuite>
