<?xml version="1.0" encoding="UTF-8"?>
<testsuite name="PlusTest" tests="1" skipped="0" failures="0" errors="0" timestamp="2023-02-27T00:53:54" hostname="jangjun-yeong-ui-MacBookAir.local" time="0.007">
  <properties/>
  <testcase name="simple()" classname="PlusTest" time="0.007"/>
  <system-out><![CDATA[]]></system-out>
  <system-err><![CDATA[]]></system-err>
</testsuite>
