<?xml version="1.0" encoding="UTF-8"?>
<testsuite name="DartGameTest" tests="1" skipped="0" failures="0" errors="0" timestamp="2023-03-17T02:08:11" hostname="jangjun-yeong-ui-MacBookAir.local" time="0.014">
  <properties/>
  <testcase name="test()" classname="DartGameTest" time="0.014"/>
  <system-out><![CDATA[]]></system-out>
  <system-err><![CDATA[]]></system-err>
</testsuite>
